[14-Aug-2025 08:26:54 UTC] Automatic updates starting...
[14-Aug-2025 08:26:54 UTC]   Automatic plugin updates starting...
[14-Aug-2025 08:26:54 UTC]   Automatic plugin updates complete.
[14-Aug-2025 08:26:54 UTC] Automatic updates complete.
[14-Aug-2025 09:00:37 UTC] PHP Deprecated:  Function the_block_template_skip_link is <strong>deprecated</strong> since version 6.4.0! Use wp_enqueue_block_template_skip_link() instead. in /Users/ofri.gross/Desktop/Missions/wordpress 5/wp-includes/functions.php on line 6121
[14-Aug-2025 09:00:41 UTC] PHP Deprecated:  Function the_block_template_skip_link is <strong>deprecated</strong> since version 6.4.0! Use wp_enqueue_block_template_skip_link() instead. in /Users/ofri.gross/Desktop/Missions/wordpress 5/wp-includes/functions.php on line 6121
[14-Aug-2025 09:00:44 UTC] PHP Deprecated:  Function the_block_template_skip_link is <strong>deprecated</strong> since version 6.4.0! Use wp_enqueue_block_template_skip_link() instead. in /Users/ofri.gross/Desktop/Missions/wordpress 5/wp-includes/functions.php on line 6121
[14-Aug-2025 09:00:47 UTC] PHP Warning:  Attempt to read property "title" on null in /Users/ofri.gross/Desktop/Missions/wordpress 5/wp-includes/class-wp-customize-widgets.php on line 926
[14-Aug-2025 09:00:47 UTC] PHP Deprecated:  Function the_block_template_skip_link is <strong>deprecated</strong> since version 6.4.0! Use wp_enqueue_block_template_skip_link() instead. in /Users/ofri.gross/Desktop/Missions/wordpress 5/wp-includes/functions.php on line 6121
[14-Aug-2025 09:00:48 UTC] PHP Deprecated:  Function the_block_template_skip_link is <strong>deprecated</strong> since version 6.4.0! Use wp_enqueue_block_template_skip_link() instead. in /Users/ofri.gross/Desktop/Missions/wordpress 5/wp-includes/functions.php on line 6121
[14-Aug-2025 09:00:56 UTC] PHP Deprecated:  Function the_block_template_skip_link is <strong>deprecated</strong> since version 6.4.0! Use wp_enqueue_block_template_skip_link() instead. in /Users/ofri.gross/Desktop/Missions/wordpress 5/wp-includes/functions.php on line 6121
[14-Aug-2025 09:00:57 UTC] PHP Deprecated:  Function the_block_template_skip_link is <strong>deprecated</strong> since version 6.4.0! Use wp_enqueue_block_template_skip_link() instead. in /Users/ofri.gross/Desktop/Missions/wordpress 5/wp-includes/functions.php on line 6121
[14-Aug-2025 09:00:57 UTC] PHP Deprecated:  Function the_block_template_skip_link is <strong>deprecated</strong> since version 6.4.0! Use wp_enqueue_block_template_skip_link() instead. in /Users/ofri.gross/Desktop/Missions/wordpress 5/wp-includes/functions.php on line 6121
[14-Aug-2025 10:34:28 UTC] PHP Deprecated:  Function the_block_template_skip_link is <strong>deprecated</strong> since version 6.4.0! Use wp_enqueue_block_template_skip_link() instead. in /Users/ofri.gross/Desktop/Missions/wordpress 5/wp-includes/functions.php on line 6121
[14-Aug-2025 10:34:28 UTC] PHP Deprecated:  Function the_block_template_skip_link is <strong>deprecated</strong> since version 6.4.0! Use wp_enqueue_block_template_skip_link() instead. in /Users/ofri.gross/Desktop/Missions/wordpress 5/wp-includes/functions.php on line 6121
[14-Aug-2025 10:37:20 UTC] PHP Deprecated:  Function the_block_template_skip_link is <strong>deprecated</strong> since version 6.4.0! Use wp_enqueue_block_template_skip_link() instead. in /Users/ofri.gross/Desktop/Missions/wordpress 5/wp-includes/functions.php on line 6121
[14-Aug-2025 10:37:20 UTC] PHP Deprecated:  Function the_block_template_skip_link is <strong>deprecated</strong> since version 6.4.0! Use wp_enqueue_block_template_skip_link() instead. in /Users/ofri.gross/Desktop/Missions/wordpress 5/wp-includes/functions.php on line 6121
[14-Aug-2025 10:37:21 UTC] PHP Deprecated:  Function the_block_template_skip_link is <strong>deprecated</strong> since version 6.4.0! Use wp_enqueue_block_template_skip_link() instead. in /Users/ofri.gross/Desktop/Missions/wordpress 5/wp-includes/functions.php on line 6121
[14-Aug-2025 10:37:21 UTC] PHP Deprecated:  Function the_block_template_skip_link is <strong>deprecated</strong> since version 6.4.0! Use wp_enqueue_block_template_skip_link() instead. in /Users/ofri.gross/Desktop/Missions/wordpress 5/wp-includes/functions.php on line 6121
[14-Aug-2025 10:37:31 UTC] PHP Deprecated:  Function the_block_template_skip_link is <strong>deprecated</strong> since version 6.4.0! Use wp_enqueue_block_template_skip_link() instead. in /Users/ofri.gross/Desktop/Missions/wordpress 5/wp-includes/functions.php on line 6121
[14-Aug-2025 10:37:31 UTC] PHP Deprecated:  Function the_block_template_skip_link is <strong>deprecated</strong> since version 6.4.0! Use wp_enqueue_block_template_skip_link() instead. in /Users/ofri.gross/Desktop/Missions/wordpress 5/wp-includes/functions.php on line 6121
[14-Aug-2025 10:37:32 UTC] PHP Deprecated:  Function the_block_template_skip_link is <strong>deprecated</strong> since version 6.4.0! Use wp_enqueue_block_template_skip_link() instead. in /Users/ofri.gross/Desktop/Missions/wordpress 5/wp-includes/functions.php on line 6121
[14-Aug-2025 10:37:32 UTC] PHP Deprecated:  Function the_block_template_skip_link is <strong>deprecated</strong> since version 6.4.0! Use wp_enqueue_block_template_skip_link() instead. in /Users/ofri.gross/Desktop/Missions/wordpress 5/wp-includes/functions.php on line 6121
[14-Aug-2025 10:38:35 UTC] PHP Deprecated:  Function the_block_template_skip_link is <strong>deprecated</strong> since version 6.4.0! Use wp_enqueue_block_template_skip_link() instead. in /Users/ofri.gross/Desktop/Missions/wordpress 5/wp-includes/functions.php on line 6121
[14-Aug-2025 10:38:35 UTC] PHP Deprecated:  Function the_block_template_skip_link is <strong>deprecated</strong> since version 6.4.0! Use wp_enqueue_block_template_skip_link() instead. in /Users/ofri.gross/Desktop/Missions/wordpress 5/wp-includes/functions.php on line 6121
[14-Aug-2025 10:38:36 UTC] PHP Deprecated:  Function the_block_template_skip_link is <strong>deprecated</strong> since version 6.4.0! Use wp_enqueue_block_template_skip_link() instead. in /Users/ofri.gross/Desktop/Missions/wordpress 5/wp-includes/functions.php on line 6121
[14-Aug-2025 10:38:36 UTC] PHP Deprecated:  Function the_block_template_skip_link is <strong>deprecated</strong> since version 6.4.0! Use wp_enqueue_block_template_skip_link() instead. in /Users/ofri.gross/Desktop/Missions/wordpress 5/wp-includes/functions.php on line 6121
[14-Aug-2025 10:38:46 UTC] PHP Deprecated:  Function the_block_template_skip_link is <strong>deprecated</strong> since version 6.4.0! Use wp_enqueue_block_template_skip_link() instead. in /Users/ofri.gross/Desktop/Missions/wordpress 5/wp-includes/functions.php on line 6121
[14-Aug-2025 10:38:46 UTC] PHP Deprecated:  Function the_block_template_skip_link is <strong>deprecated</strong> since version 6.4.0! Use wp_enqueue_block_template_skip_link() instead. in /Users/ofri.gross/Desktop/Missions/wordpress 5/wp-includes/functions.php on line 6121
[14-Aug-2025 10:38:47 UTC] PHP Deprecated:  Function the_block_template_skip_link is <strong>deprecated</strong> since version 6.4.0! Use wp_enqueue_block_template_skip_link() instead. in /Users/ofri.gross/Desktop/Missions/wordpress 5/wp-includes/functions.php on line 6121
[14-Aug-2025 10:38:47 UTC] PHP Deprecated:  Function the_block_template_skip_link is <strong>deprecated</strong> since version 6.4.0! Use wp_enqueue_block_template_skip_link() instead. in /Users/ofri.gross/Desktop/Missions/wordpress 5/wp-includes/functions.php on line 6121
[14-Aug-2025 10:38:47 UTC] PHP Deprecated:  Function the_block_template_skip_link is <strong>deprecated</strong> since version 6.4.0! Use wp_enqueue_block_template_skip_link() instead. in /Users/ofri.gross/Desktop/Missions/wordpress 5/wp-includes/functions.php on line 6121
[14-Aug-2025 10:38:47 UTC] PHP Deprecated:  Function the_block_template_skip_link is <strong>deprecated</strong> since version 6.4.0! Use wp_enqueue_block_template_skip_link() instead. in /Users/ofri.gross/Desktop/Missions/wordpress 5/wp-includes/functions.php on line 6121
[14-Aug-2025 10:45:49 UTC] PHP Deprecated:  Function the_block_template_skip_link is <strong>deprecated</strong> since version 6.4.0! Use wp_enqueue_block_template_skip_link() instead. in /Users/ofri.gross/Desktop/Missions/wordpress 5/wp-includes/functions.php on line 6121
[14-Aug-2025 10:45:49 UTC] PHP Deprecated:  Function the_block_template_skip_link is <strong>deprecated</strong> since version 6.4.0! Use wp_enqueue_block_template_skip_link() instead. in /Users/ofri.gross/Desktop/Missions/wordpress 5/wp-includes/functions.php on line 6121
[14-Aug-2025 10:45:50 UTC] PHP Deprecated:  Function the_block_template_skip_link is <strong>deprecated</strong> since version 6.4.0! Use wp_enqueue_block_template_skip_link() instead. in /Users/ofri.gross/Desktop/Missions/wordpress 5/wp-includes/functions.php on line 6121
[14-Aug-2025 10:45:50 UTC] PHP Deprecated:  Function the_block_template_skip_link is <strong>deprecated</strong> since version 6.4.0! Use wp_enqueue_block_template_skip_link() instead. in /Users/ofri.gross/Desktop/Missions/wordpress 5/wp-includes/functions.php on line 6121
[14-Aug-2025 10:45:51 UTC] PHP Deprecated:  Function the_block_template_skip_link is <strong>deprecated</strong> since version 6.4.0! Use wp_enqueue_block_template_skip_link() instead. in /Users/ofri.gross/Desktop/Missions/wordpress 5/wp-includes/functions.php on line 6121
[14-Aug-2025 10:45:51 UTC] PHP Deprecated:  Function the_block_template_skip_link is <strong>deprecated</strong> since version 6.4.0! Use wp_enqueue_block_template_skip_link() instead. in /Users/ofri.gross/Desktop/Missions/wordpress 5/wp-includes/functions.php on line 6121
[14-Aug-2025 10:46:15 UTC] PHP Deprecated:  Function the_block_template_skip_link is <strong>deprecated</strong> since version 6.4.0! Use wp_enqueue_block_template_skip_link() instead. in /Users/ofri.gross/Desktop/Missions/wordpress 5/wp-includes/functions.php on line 6121
[14-Aug-2025 10:46:15 UTC] PHP Deprecated:  Function the_block_template_skip_link is <strong>deprecated</strong> since version 6.4.0! Use wp_enqueue_block_template_skip_link() instead. in /Users/ofri.gross/Desktop/Missions/wordpress 5/wp-includes/functions.php on line 6121
[14-Aug-2025 10:46:16 UTC] PHP Deprecated:  Function the_block_template_skip_link is <strong>deprecated</strong> since version 6.4.0! Use wp_enqueue_block_template_skip_link() instead. in /Users/ofri.gross/Desktop/Missions/wordpress 5/wp-includes/functions.php on line 6121
[14-Aug-2025 10:46:16 UTC] PHP Deprecated:  Function the_block_template_skip_link is <strong>deprecated</strong> since version 6.4.0! Use wp_enqueue_block_template_skip_link() instead. in /Users/ofri.gross/Desktop/Missions/wordpress 5/wp-includes/functions.php on line 6121
[14-Aug-2025 10:46:16 UTC] PHP Deprecated:  Function the_block_template_skip_link is <strong>deprecated</strong> since version 6.4.0! Use wp_enqueue_block_template_skip_link() instead. in /Users/ofri.gross/Desktop/Missions/wordpress 5/wp-includes/functions.php on line 6121
[14-Aug-2025 10:46:16 UTC] PHP Deprecated:  Function the_block_template_skip_link is <strong>deprecated</strong> since version 6.4.0! Use wp_enqueue_block_template_skip_link() instead. in /Users/ofri.gross/Desktop/Missions/wordpress 5/wp-includes/functions.php on line 6121
[14-Aug-2025 10:46:17 UTC] PHP Deprecated:  Function the_block_template_skip_link is <strong>deprecated</strong> since version 6.4.0! Use wp_enqueue_block_template_skip_link() instead. in /Users/ofri.gross/Desktop/Missions/wordpress 5/wp-includes/functions.php on line 6121
[14-Aug-2025 10:46:18 UTC] PHP Deprecated:  Function the_block_template_skip_link is <strong>deprecated</strong> since version 6.4.0! Use wp_enqueue_block_template_skip_link() instead. in /Users/ofri.gross/Desktop/Missions/wordpress 5/wp-includes/functions.php on line 6121
[14-Aug-2025 10:46:25 UTC] PHP Deprecated:  Function the_block_template_skip_link is <strong>deprecated</strong> since version 6.4.0! Use wp_enqueue_block_template_skip_link() instead. in /Users/ofri.gross/Desktop/Missions/wordpress 5/wp-includes/functions.php on line 6121
[14-Aug-2025 10:46:25 UTC] PHP Deprecated:  Function the_block_template_skip_link is <strong>deprecated</strong> since version 6.4.0! Use wp_enqueue_block_template_skip_link() instead. in /Users/ofri.gross/Desktop/Missions/wordpress 5/wp-includes/functions.php on line 6121
[14-Aug-2025 10:46:26 UTC] PHP Deprecated:  Function the_block_template_skip_link is <strong>deprecated</strong> since version 6.4.0! Use wp_enqueue_block_template_skip_link() instead. in /Users/ofri.gross/Desktop/Missions/wordpress 5/wp-includes/functions.php on line 6121
[14-Aug-2025 10:46:26 UTC] PHP Deprecated:  Function the_block_template_skip_link is <strong>deprecated</strong> since version 6.4.0! Use wp_enqueue_block_template_skip_link() instead. in /Users/ofri.gross/Desktop/Missions/wordpress 5/wp-includes/functions.php on line 6121
[14-Aug-2025 10:46:27 UTC] PHP Deprecated:  Function the_block_template_skip_link is <strong>deprecated</strong> since version 6.4.0! Use wp_enqueue_block_template_skip_link() instead. in /Users/ofri.gross/Desktop/Missions/wordpress 5/wp-includes/functions.php on line 6121
[14-Aug-2025 10:46:27 UTC] PHP Deprecated:  Function the_block_template_skip_link is <strong>deprecated</strong> since version 6.4.0! Use wp_enqueue_block_template_skip_link() instead. in /Users/ofri.gross/Desktop/Missions/wordpress 5/wp-includes/functions.php on line 6121
[14-Aug-2025 10:46:40 UTC] PHP Deprecated:  Function the_block_template_skip_link is <strong>deprecated</strong> since version 6.4.0! Use wp_enqueue_block_template_skip_link() instead. in /Users/ofri.gross/Desktop/Missions/wordpress 5/wp-includes/functions.php on line 6121
[14-Aug-2025 10:46:40 UTC] PHP Deprecated:  Function the_block_template_skip_link is <strong>deprecated</strong> since version 6.4.0! Use wp_enqueue_block_template_skip_link() instead. in /Users/ofri.gross/Desktop/Missions/wordpress 5/wp-includes/functions.php on line 6121
[14-Aug-2025 10:46:40 UTC] PHP Deprecated:  Function the_block_template_skip_link is <strong>deprecated</strong> since version 6.4.0! Use wp_enqueue_block_template_skip_link() instead. in /Users/ofri.gross/Desktop/Missions/wordpress 5/wp-includes/functions.php on line 6121
[14-Aug-2025 10:46:40 UTC] PHP Deprecated:  Function the_block_template_skip_link is <strong>deprecated</strong> since version 6.4.0! Use wp_enqueue_block_template_skip_link() instead. in /Users/ofri.gross/Desktop/Missions/wordpress 5/wp-includes/functions.php on line 6121
[14-Aug-2025 10:46:45 UTC] PHP Deprecated:  Function the_block_template_skip_link is <strong>deprecated</strong> since version 6.4.0! Use wp_enqueue_block_template_skip_link() instead. in /Users/ofri.gross/Desktop/Missions/wordpress 5/wp-includes/functions.php on line 6121
[14-Aug-2025 10:46:45 UTC] PHP Deprecated:  Function the_block_template_skip_link is <strong>deprecated</strong> since version 6.4.0! Use wp_enqueue_block_template_skip_link() instead. in /Users/ofri.gross/Desktop/Missions/wordpress 5/wp-includes/functions.php on line 6121
[14-Aug-2025 10:48:05 UTC] PHP Deprecated:  Function the_block_template_skip_link is <strong>deprecated</strong> since version 6.4.0! Use wp_enqueue_block_template_skip_link() instead. in /Users/ofri.gross/Desktop/Missions/wordpress 5/wp-includes/functions.php on line 6121
[14-Aug-2025 10:48:05 UTC] PHP Deprecated:  Function the_block_template_skip_link is <strong>deprecated</strong> since version 6.4.0! Use wp_enqueue_block_template_skip_link() instead. in /Users/ofri.gross/Desktop/Missions/wordpress 5/wp-includes/functions.php on line 6121
[14-Aug-2025 10:48:06 UTC] PHP Deprecated:  Function the_block_template_skip_link is <strong>deprecated</strong> since version 6.4.0! Use wp_enqueue_block_template_skip_link() instead. in /Users/ofri.gross/Desktop/Missions/wordpress 5/wp-includes/functions.php on line 6121
[14-Aug-2025 10:48:06 UTC] PHP Deprecated:  Function the_block_template_skip_link is <strong>deprecated</strong> since version 6.4.0! Use wp_enqueue_block_template_skip_link() instead. in /Users/ofri.gross/Desktop/Missions/wordpress 5/wp-includes/functions.php on line 6121
[14-Aug-2025 10:48:06 UTC] PHP Deprecated:  Function the_block_template_skip_link is <strong>deprecated</strong> since version 6.4.0! Use wp_enqueue_block_template_skip_link() instead. in /Users/ofri.gross/Desktop/Missions/wordpress 5/wp-includes/functions.php on line 6121
[14-Aug-2025 10:48:06 UTC] PHP Deprecated:  Function the_block_template_skip_link is <strong>deprecated</strong> since version 6.4.0! Use wp_enqueue_block_template_skip_link() instead. in /Users/ofri.gross/Desktop/Missions/wordpress 5/wp-includes/functions.php on line 6121
[14-Aug-2025 10:48:08 UTC] PHP Deprecated:  Function the_block_template_skip_link is <strong>deprecated</strong> since version 6.4.0! Use wp_enqueue_block_template_skip_link() instead. in /Users/ofri.gross/Desktop/Missions/wordpress 5/wp-includes/functions.php on line 6121
[14-Aug-2025 10:48:08 UTC] PHP Deprecated:  Function the_block_template_skip_link is <strong>deprecated</strong> since version 6.4.0! Use wp_enqueue_block_template_skip_link() instead. in /Users/ofri.gross/Desktop/Missions/wordpress 5/wp-includes/functions.php on line 6121
[14-Aug-2025 10:48:36 UTC] PHP Deprecated:  Function the_block_template_skip_link is <strong>deprecated</strong> since version 6.4.0! Use wp_enqueue_block_template_skip_link() instead. in /Users/ofri.gross/Desktop/Missions/wordpress 5/wp-includes/functions.php on line 6121
[14-Aug-2025 10:48:36 UTC] PHP Deprecated:  Function the_block_template_skip_link is <strong>deprecated</strong> since version 6.4.0! Use wp_enqueue_block_template_skip_link() instead. in /Users/ofri.gross/Desktop/Missions/wordpress 5/wp-includes/functions.php on line 6121
[14-Aug-2025 10:48:38 UTC] PHP Deprecated:  Function the_block_template_skip_link is <strong>deprecated</strong> since version 6.4.0! Use wp_enqueue_block_template_skip_link() instead. in /Users/ofri.gross/Desktop/Missions/wordpress 5/wp-includes/functions.php on line 6121
[14-Aug-2025 10:48:38 UTC] PHP Deprecated:  Function the_block_template_skip_link is <strong>deprecated</strong> since version 6.4.0! Use wp_enqueue_block_template_skip_link() instead. in /Users/ofri.gross/Desktop/Missions/wordpress 5/wp-includes/functions.php on line 6121
[14-Aug-2025 10:48:47 UTC] PHP Deprecated:  Function the_block_template_skip_link is <strong>deprecated</strong> since version 6.4.0! Use wp_enqueue_block_template_skip_link() instead. in /Users/ofri.gross/Desktop/Missions/wordpress 5/wp-includes/functions.php on line 6121
[14-Aug-2025 10:48:47 UTC] PHP Deprecated:  Function the_block_template_skip_link is <strong>deprecated</strong> since version 6.4.0! Use wp_enqueue_block_template_skip_link() instead. in /Users/ofri.gross/Desktop/Missions/wordpress 5/wp-includes/functions.php on line 6121
[14-Aug-2025 10:48:48 UTC] PHP Deprecated:  Function the_block_template_skip_link is <strong>deprecated</strong> since version 6.4.0! Use wp_enqueue_block_template_skip_link() instead. in /Users/ofri.gross/Desktop/Missions/wordpress 5/wp-includes/functions.php on line 6121
[14-Aug-2025 10:48:48 UTC] PHP Deprecated:  Function the_block_template_skip_link is <strong>deprecated</strong> since version 6.4.0! Use wp_enqueue_block_template_skip_link() instead. in /Users/ofri.gross/Desktop/Missions/wordpress 5/wp-includes/functions.php on line 6121
[14-Aug-2025 10:49:00 UTC] PHP Deprecated:  Function the_block_template_skip_link is <strong>deprecated</strong> since version 6.4.0! Use wp_enqueue_block_template_skip_link() instead. in /Users/ofri.gross/Desktop/Missions/wordpress 5/wp-includes/functions.php on line 6121
[14-Aug-2025 10:49:00 UTC] PHP Deprecated:  Function the_block_template_skip_link is <strong>deprecated</strong> since version 6.4.0! Use wp_enqueue_block_template_skip_link() instead. in /Users/ofri.gross/Desktop/Missions/wordpress 5/wp-includes/functions.php on line 6121
[14-Aug-2025 10:51:11 UTC] PHP Deprecated:  Function the_block_template_skip_link is <strong>deprecated</strong> since version 6.4.0! Use wp_enqueue_block_template_skip_link() instead. in /Users/ofri.gross/Desktop/Missions/wordpress 5/wp-includes/functions.php on line 6121
[14-Aug-2025 10:51:12 UTC] PHP Deprecated:  Function the_block_template_skip_link is <strong>deprecated</strong> since version 6.4.0! Use wp_enqueue_block_template_skip_link() instead. in /Users/ofri.gross/Desktop/Missions/wordpress 5/wp-includes/functions.php on line 6121
[14-Aug-2025 10:51:12 UTC] PHP Deprecated:  Function the_block_template_skip_link is <strong>deprecated</strong> since version 6.4.0! Use wp_enqueue_block_template_skip_link() instead. in /Users/ofri.gross/Desktop/Missions/wordpress 5/wp-includes/functions.php on line 6121
[14-Aug-2025 10:51:14 UTC] PHP Deprecated:  Function the_block_template_skip_link is <strong>deprecated</strong> since version 6.4.0! Use wp_enqueue_block_template_skip_link() instead. in /Users/ofri.gross/Desktop/Missions/wordpress 5/wp-includes/functions.php on line 6121
[14-Aug-2025 10:51:14 UTC] PHP Deprecated:  Function the_block_template_skip_link is <strong>deprecated</strong> since version 6.4.0! Use wp_enqueue_block_template_skip_link() instead. in /Users/ofri.gross/Desktop/Missions/wordpress 5/wp-includes/functions.php on line 6121
[14-Aug-2025 10:51:15 UTC] PHP Deprecated:  Function the_block_template_skip_link is <strong>deprecated</strong> since version 6.4.0! Use wp_enqueue_block_template_skip_link() instead. in /Users/ofri.gross/Desktop/Missions/wordpress 5/wp-includes/functions.php on line 6121
[14-Aug-2025 10:51:15 UTC] PHP Deprecated:  Function the_block_template_skip_link is <strong>deprecated</strong> since version 6.4.0! Use wp_enqueue_block_template_skip_link() instead. in /Users/ofri.gross/Desktop/Missions/wordpress 5/wp-includes/functions.php on line 6121
[14-Aug-2025 10:51:47 UTC] PHP Deprecated:  Function the_block_template_skip_link is <strong>deprecated</strong> since version 6.4.0! Use wp_enqueue_block_template_skip_link() instead. in /Users/ofri.gross/Desktop/Missions/wordpress 5/wp-includes/functions.php on line 6121
[14-Aug-2025 10:51:47 UTC] PHP Deprecated:  Function the_block_template_skip_link is <strong>deprecated</strong> since version 6.4.0! Use wp_enqueue_block_template_skip_link() instead. in /Users/ofri.gross/Desktop/Missions/wordpress 5/wp-includes/functions.php on line 6121
[14-Aug-2025 10:51:48 UTC] PHP Deprecated:  Function the_block_template_skip_link is <strong>deprecated</strong> since version 6.4.0! Use wp_enqueue_block_template_skip_link() instead. in /Users/ofri.gross/Desktop/Missions/wordpress 5/wp-includes/functions.php on line 6121
[14-Aug-2025 10:51:48 UTC] PHP Deprecated:  Function the_block_template_skip_link is <strong>deprecated</strong> since version 6.4.0! Use wp_enqueue_block_template_skip_link() instead. in /Users/ofri.gross/Desktop/Missions/wordpress 5/wp-includes/functions.php on line 6121
[14-Aug-2025 10:52:14 UTC] PHP Deprecated:  Function the_block_template_skip_link is <strong>deprecated</strong> since version 6.4.0! Use wp_enqueue_block_template_skip_link() instead. in /Users/ofri.gross/Desktop/Missions/wordpress 5/wp-includes/functions.php on line 6121
[14-Aug-2025 10:52:14 UTC] PHP Deprecated:  Function the_block_template_skip_link is <strong>deprecated</strong> since version 6.4.0! Use wp_enqueue_block_template_skip_link() instead. in /Users/ofri.gross/Desktop/Missions/wordpress 5/wp-includes/functions.php on line 6121
[14-Aug-2025 10:52:15 UTC] PHP Deprecated:  Function the_block_template_skip_link is <strong>deprecated</strong> since version 6.4.0! Use wp_enqueue_block_template_skip_link() instead. in /Users/ofri.gross/Desktop/Missions/wordpress 5/wp-includes/functions.php on line 6121
[14-Aug-2025 10:52:15 UTC] PHP Deprecated:  Function the_block_template_skip_link is <strong>deprecated</strong> since version 6.4.0! Use wp_enqueue_block_template_skip_link() instead. in /Users/ofri.gross/Desktop/Missions/wordpress 5/wp-includes/functions.php on line 6121
[14-Aug-2025 10:53:44 UTC] PHP Deprecated:  Function the_block_template_skip_link is <strong>deprecated</strong> since version 6.4.0! Use wp_enqueue_block_template_skip_link() instead. in /Users/ofri.gross/Desktop/Missions/wordpress 5/wp-includes/functions.php on line 6121
[14-Aug-2025 10:53:44 UTC] PHP Deprecated:  Function the_block_template_skip_link is <strong>deprecated</strong> since version 6.4.0! Use wp_enqueue_block_template_skip_link() instead. in /Users/ofri.gross/Desktop/Missions/wordpress 5/wp-includes/functions.php on line 6121
[14-Aug-2025 10:53:44 UTC] PHP Deprecated:  Function the_block_template_skip_link is <strong>deprecated</strong> since version 6.4.0! Use wp_enqueue_block_template_skip_link() instead. in /Users/ofri.gross/Desktop/Missions/wordpress 5/wp-includes/functions.php on line 6121
[14-Aug-2025 10:53:45 UTC] PHP Deprecated:  Function the_block_template_skip_link is <strong>deprecated</strong> since version 6.4.0! Use wp_enqueue_block_template_skip_link() instead. in /Users/ofri.gross/Desktop/Missions/wordpress 5/wp-includes/functions.php on line 6121
[14-Aug-2025 10:54:02 UTC] PHP Deprecated:  Function the_block_template_skip_link is <strong>deprecated</strong> since version 6.4.0! Use wp_enqueue_block_template_skip_link() instead. in /Users/ofri.gross/Desktop/Missions/wordpress 5/wp-includes/functions.php on line 6121
[14-Aug-2025 10:54:02 UTC] PHP Deprecated:  Function the_block_template_skip_link is <strong>deprecated</strong> since version 6.4.0! Use wp_enqueue_block_template_skip_link() instead. in /Users/ofri.gross/Desktop/Missions/wordpress 5/wp-includes/functions.php on line 6121
[14-Aug-2025 10:54:02 UTC] PHP Deprecated:  Function the_block_template_skip_link is <strong>deprecated</strong> since version 6.4.0! Use wp_enqueue_block_template_skip_link() instead. in /Users/ofri.gross/Desktop/Missions/wordpress 5/wp-includes/functions.php on line 6121
[14-Aug-2025 10:54:03 UTC] PHP Deprecated:  Function the_block_template_skip_link is <strong>deprecated</strong> since version 6.4.0! Use wp_enqueue_block_template_skip_link() instead. in /Users/ofri.gross/Desktop/Missions/wordpress 5/wp-includes/functions.php on line 6121
[14-Aug-2025 10:54:03 UTC] PHP Deprecated:  Function the_block_template_skip_link is <strong>deprecated</strong> since version 6.4.0! Use wp_enqueue_block_template_skip_link() instead. in /Users/ofri.gross/Desktop/Missions/wordpress 5/wp-includes/functions.php on line 6121
[14-Aug-2025 10:54:04 UTC] PHP Deprecated:  Function the_block_template_skip_link is <strong>deprecated</strong> since version 6.4.0! Use wp_enqueue_block_template_skip_link() instead. in /Users/ofri.gross/Desktop/Missions/wordpress 5/wp-includes/functions.php on line 6121
[14-Aug-2025 10:54:04 UTC] PHP Deprecated:  Function the_block_template_skip_link is <strong>deprecated</strong> since version 6.4.0! Use wp_enqueue_block_template_skip_link() instead. in /Users/ofri.gross/Desktop/Missions/wordpress 5/wp-includes/functions.php on line 6121
[14-Aug-2025 10:55:12 UTC] PHP Deprecated:  Function the_block_template_skip_link is <strong>deprecated</strong> since version 6.4.0! Use wp_enqueue_block_template_skip_link() instead. in /Users/ofri.gross/Desktop/Missions/wordpress 5/wp-includes/functions.php on line 6121
[14-Aug-2025 10:56:29 UTC] PHP Deprecated:  Function the_block_template_skip_link is <strong>deprecated</strong> since version 6.4.0! Use wp_enqueue_block_template_skip_link() instead. in /Users/ofri.gross/Desktop/Missions/wordpress 5/wp-includes/functions.php on line 6121
[14-Aug-2025 10:56:29 UTC] PHP Deprecated:  Function the_block_template_skip_link is <strong>deprecated</strong> since version 6.4.0! Use wp_enqueue_block_template_skip_link() instead. in /Users/ofri.gross/Desktop/Missions/wordpress 5/wp-includes/functions.php on line 6121
[14-Aug-2025 10:58:24 UTC] PHP Deprecated:  Function the_block_template_skip_link is <strong>deprecated</strong> since version 6.4.0! Use wp_enqueue_block_template_skip_link() instead. in /Users/ofri.gross/Desktop/Missions/wordpress 5/wp-includes/functions.php on line 6121
[14-Aug-2025 10:58:24 UTC] PHP Deprecated:  Function the_block_template_skip_link is <strong>deprecated</strong> since version 6.4.0! Use wp_enqueue_block_template_skip_link() instead. in /Users/ofri.gross/Desktop/Missions/wordpress 5/wp-includes/functions.php on line 6121
[14-Aug-2025 10:58:24 UTC] PHP Deprecated:  Function the_block_template_skip_link is <strong>deprecated</strong> since version 6.4.0! Use wp_enqueue_block_template_skip_link() instead. in /Users/ofri.gross/Desktop/Missions/wordpress 5/wp-includes/functions.php on line 6121
[14-Aug-2025 10:58:24 UTC] PHP Deprecated:  Function the_block_template_skip_link is <strong>deprecated</strong> since version 6.4.0! Use wp_enqueue_block_template_skip_link() instead. in /Users/ofri.gross/Desktop/Missions/wordpress 5/wp-includes/functions.php on line 6121
[14-Aug-2025 10:58:39 UTC] PHP Deprecated:  Function the_block_template_skip_link is <strong>deprecated</strong> since version 6.4.0! Use wp_enqueue_block_template_skip_link() instead. in /Users/ofri.gross/Desktop/Missions/wordpress 5/wp-includes/functions.php on line 6121
[14-Aug-2025 10:58:39 UTC] PHP Deprecated:  Function the_block_template_skip_link is <strong>deprecated</strong> since version 6.4.0! Use wp_enqueue_block_template_skip_link() instead. in /Users/ofri.gross/Desktop/Missions/wordpress 5/wp-includes/functions.php on line 6121
[14-Aug-2025 10:58:42 UTC] PHP Deprecated:  Function the_block_template_skip_link is <strong>deprecated</strong> since version 6.4.0! Use wp_enqueue_block_template_skip_link() instead. in /Users/ofri.gross/Desktop/Missions/wordpress 5/wp-includes/functions.php on line 6121
[14-Aug-2025 11:00:01 UTC] PHP Deprecated:  Function the_block_template_skip_link is <strong>deprecated</strong> since version 6.4.0! Use wp_enqueue_block_template_skip_link() instead. in /Users/ofri.gross/Desktop/Missions/wordpress 5/wp-includes/functions.php on line 6121
[14-Aug-2025 11:00:01 UTC] PHP Deprecated:  Function the_block_template_skip_link is <strong>deprecated</strong> since version 6.4.0! Use wp_enqueue_block_template_skip_link() instead. in /Users/ofri.gross/Desktop/Missions/wordpress 5/wp-includes/functions.php on line 6121
[14-Aug-2025 11:00:01 UTC] PHP Deprecated:  Function the_block_template_skip_link is <strong>deprecated</strong> since version 6.4.0! Use wp_enqueue_block_template_skip_link() instead. in /Users/ofri.gross/Desktop/Missions/wordpress 5/wp-includes/functions.php on line 6121
[14-Aug-2025 11:00:02 UTC] PHP Deprecated:  Function the_block_template_skip_link is <strong>deprecated</strong> since version 6.4.0! Use wp_enqueue_block_template_skip_link() instead. in /Users/ofri.gross/Desktop/Missions/wordpress 5/wp-includes/functions.php on line 6121
[14-Aug-2025 11:00:02 UTC] PHP Deprecated:  Function the_block_template_skip_link is <strong>deprecated</strong> since version 6.4.0! Use wp_enqueue_block_template_skip_link() instead. in /Users/ofri.gross/Desktop/Missions/wordpress 5/wp-includes/functions.php on line 6121
[14-Aug-2025 11:00:02 UTC] PHP Deprecated:  Function the_block_template_skip_link is <strong>deprecated</strong> since version 6.4.0! Use wp_enqueue_block_template_skip_link() instead. in /Users/ofri.gross/Desktop/Missions/wordpress 5/wp-includes/functions.php on line 6121
[14-Aug-2025 11:00:08 UTC] PHP Deprecated:  Function the_block_template_skip_link is <strong>deprecated</strong> since version 6.4.0! Use wp_enqueue_block_template_skip_link() instead. in /Users/ofri.gross/Desktop/Missions/wordpress 5/wp-includes/functions.php on line 6121
[14-Aug-2025 11:00:09 UTC] PHP Deprecated:  Function the_block_template_skip_link is <strong>deprecated</strong> since version 6.4.0! Use wp_enqueue_block_template_skip_link() instead. in /Users/ofri.gross/Desktop/Missions/wordpress 5/wp-includes/functions.php on line 6121
[14-Aug-2025 11:00:12 UTC] PHP Deprecated:  Function the_block_template_skip_link is <strong>deprecated</strong> since version 6.4.0! Use wp_enqueue_block_template_skip_link() instead. in /Users/ofri.gross/Desktop/Missions/wordpress 5/wp-includes/functions.php on line 6121
[14-Aug-2025 11:00:12 UTC] PHP Deprecated:  Function the_block_template_skip_link is <strong>deprecated</strong> since version 6.4.0! Use wp_enqueue_block_template_skip_link() instead. in /Users/ofri.gross/Desktop/Missions/wordpress 5/wp-includes/functions.php on line 6121
[14-Aug-2025 11:00:15 UTC] PHP Deprecated:  Function the_block_template_skip_link is <strong>deprecated</strong> since version 6.4.0! Use wp_enqueue_block_template_skip_link() instead. in /Users/ofri.gross/Desktop/Missions/wordpress 5/wp-includes/functions.php on line 6121
[14-Aug-2025 11:00:20 UTC] PHP Deprecated:  Function the_block_template_skip_link is <strong>deprecated</strong> since version 6.4.0! Use wp_enqueue_block_template_skip_link() instead. in /Users/ofri.gross/Desktop/Missions/wordpress 5/wp-includes/functions.php on line 6121
[14-Aug-2025 11:00:21 UTC] PHP Deprecated:  Function the_block_template_skip_link is <strong>deprecated</strong> since version 6.4.0! Use wp_enqueue_block_template_skip_link() instead. in /Users/ofri.gross/Desktop/Missions/wordpress 5/wp-includes/functions.php on line 6121
[14-Aug-2025 11:00:24 UTC] PHP Warning:  Attempt to read property "title" on null in /Users/ofri.gross/Desktop/Missions/wordpress 5/wp-includes/class-wp-customize-widgets.php on line 926
[14-Aug-2025 11:00:24 UTC] PHP Deprecated:  Function the_block_template_skip_link is <strong>deprecated</strong> since version 6.4.0! Use wp_enqueue_block_template_skip_link() instead. in /Users/ofri.gross/Desktop/Missions/wordpress 5/wp-includes/functions.php on line 6121
[14-Aug-2025 11:00:25 UTC] PHP Deprecated:  Function the_block_template_skip_link is <strong>deprecated</strong> since version 6.4.0! Use wp_enqueue_block_template_skip_link() instead. in /Users/ofri.gross/Desktop/Missions/wordpress 5/wp-includes/functions.php on line 6121
[14-Aug-2025 11:00:25 UTC] PHP Deprecated:  Function the_block_template_skip_link is <strong>deprecated</strong> since version 6.4.0! Use wp_enqueue_block_template_skip_link() instead. in /Users/ofri.gross/Desktop/Missions/wordpress 5/wp-includes/functions.php on line 6121
[14-Aug-2025 11:00:33 UTC] PHP Deprecated:  Function the_block_template_skip_link is <strong>deprecated</strong> since version 6.4.0! Use wp_enqueue_block_template_skip_link() instead. in /Users/ofri.gross/Desktop/Missions/wordpress 5/wp-includes/functions.php on line 6121
[14-Aug-2025 11:00:34 UTC] PHP Deprecated:  Function the_block_template_skip_link is <strong>deprecated</strong> since version 6.4.0! Use wp_enqueue_block_template_skip_link() instead. in /Users/ofri.gross/Desktop/Missions/wordpress 5/wp-includes/functions.php on line 6121
[14-Aug-2025 11:00:34 UTC] PHP Deprecated:  Function the_block_template_skip_link is <strong>deprecated</strong> since version 6.4.0! Use wp_enqueue_block_template_skip_link() instead. in /Users/ofri.gross/Desktop/Missions/wordpress 5/wp-includes/functions.php on line 6121
[14-Aug-2025 11:01:42 UTC] PHP Deprecated:  Function the_block_template_skip_link is <strong>deprecated</strong> since version 6.4.0! Use wp_enqueue_block_template_skip_link() instead. in /Users/ofri.gross/Desktop/Missions/wordpress 5/wp-includes/functions.php on line 6121
[14-Aug-2025 11:01:42 UTC] PHP Deprecated:  Function the_block_template_skip_link is <strong>deprecated</strong> since version 6.4.0! Use wp_enqueue_block_template_skip_link() instead. in /Users/ofri.gross/Desktop/Missions/wordpress 5/wp-includes/functions.php on line 6121
[14-Aug-2025 11:01:45 UTC] PHP Deprecated:  Function the_block_template_skip_link is <strong>deprecated</strong> since version 6.4.0! Use wp_enqueue_block_template_skip_link() instead. in /Users/ofri.gross/Desktop/Missions/wordpress 5/wp-includes/functions.php on line 6121
[14-Aug-2025 11:01:45 UTC] PHP Deprecated:  Function the_block_template_skip_link is <strong>deprecated</strong> since version 6.4.0! Use wp_enqueue_block_template_skip_link() instead. in /Users/ofri.gross/Desktop/Missions/wordpress 5/wp-includes/functions.php on line 6121
[14-Aug-2025 11:01:54 UTC] PHP Deprecated:  Function the_block_template_skip_link is <strong>deprecated</strong> since version 6.4.0! Use wp_enqueue_block_template_skip_link() instead. in /Users/ofri.gross/Desktop/Missions/wordpress 5/wp-includes/functions.php on line 6121
[14-Aug-2025 11:01:56 UTC] PHP Deprecated:  Function the_block_template_skip_link is <strong>deprecated</strong> since version 6.4.0! Use wp_enqueue_block_template_skip_link() instead. in /Users/ofri.gross/Desktop/Missions/wordpress 5/wp-includes/functions.php on line 6121
[14-Aug-2025 11:01:58 UTC] PHP Deprecated:  Function the_block_template_skip_link is <strong>deprecated</strong> since version 6.4.0! Use wp_enqueue_block_template_skip_link() instead. in /Users/ofri.gross/Desktop/Missions/wordpress 5/wp-includes/functions.php on line 6121
[14-Aug-2025 11:02:02 UTC] PHP Deprecated:  Function the_block_template_skip_link is <strong>deprecated</strong> since version 6.4.0! Use wp_enqueue_block_template_skip_link() instead. in /Users/ofri.gross/Desktop/Missions/wordpress 5/wp-includes/functions.php on line 6121
[14-Aug-2025 11:02:03 UTC] PHP Deprecated:  Function the_block_template_skip_link is <strong>deprecated</strong> since version 6.4.0! Use wp_enqueue_block_template_skip_link() instead. in /Users/ofri.gross/Desktop/Missions/wordpress 5/wp-includes/functions.php on line 6121
[14-Aug-2025 11:02:42 UTC] PHP Deprecated:  Function the_block_template_skip_link is <strong>deprecated</strong> since version 6.4.0! Use wp_enqueue_block_template_skip_link() instead. in /Users/ofri.gross/Desktop/Missions/wordpress 5/wp-includes/functions.php on line 6121
[14-Aug-2025 11:02:43 UTC] PHP Deprecated:  Function the_block_template_skip_link is <strong>deprecated</strong> since version 6.4.0! Use wp_enqueue_block_template_skip_link() instead. in /Users/ofri.gross/Desktop/Missions/wordpress 5/wp-includes/functions.php on line 6121
[14-Aug-2025 11:02:44 UTC] PHP Deprecated:  Function the_block_template_skip_link is <strong>deprecated</strong> since version 6.4.0! Use wp_enqueue_block_template_skip_link() instead. in /Users/ofri.gross/Desktop/Missions/wordpress 5/wp-includes/functions.php on line 6121
[14-Aug-2025 11:02:44 UTC] PHP Deprecated:  Function the_block_template_skip_link is <strong>deprecated</strong> since version 6.4.0! Use wp_enqueue_block_template_skip_link() instead. in /Users/ofri.gross/Desktop/Missions/wordpress 5/wp-includes/functions.php on line 6121
[14-Aug-2025 11:02:45 UTC] PHP Deprecated:  Function the_block_template_skip_link is <strong>deprecated</strong> since version 6.4.0! Use wp_enqueue_block_template_skip_link() instead. in /Users/ofri.gross/Desktop/Missions/wordpress 5/wp-includes/functions.php on line 6121
[14-Aug-2025 11:02:45 UTC] PHP Deprecated:  Function the_block_template_skip_link is <strong>deprecated</strong> since version 6.4.0! Use wp_enqueue_block_template_skip_link() instead. in /Users/ofri.gross/Desktop/Missions/wordpress 5/wp-includes/functions.php on line 6121
[14-Aug-2025 11:03:42 UTC] PHP Deprecated:  Function the_block_template_skip_link is <strong>deprecated</strong> since version 6.4.0! Use wp_enqueue_block_template_skip_link() instead. in /Users/ofri.gross/Desktop/Missions/wordpress 5/wp-includes/functions.php on line 6121
[14-Aug-2025 11:03:42 UTC] PHP Deprecated:  Function the_block_template_skip_link is <strong>deprecated</strong> since version 6.4.0! Use wp_enqueue_block_template_skip_link() instead. in /Users/ofri.gross/Desktop/Missions/wordpress 5/wp-includes/functions.php on line 6121
[14-Aug-2025 11:03:42 UTC] PHP Deprecated:  Function the_block_template_skip_link is <strong>deprecated</strong> since version 6.4.0! Use wp_enqueue_block_template_skip_link() instead. in /Users/ofri.gross/Desktop/Missions/wordpress 5/wp-includes/functions.php on line 6121
[14-Aug-2025 11:03:42 UTC] PHP Deprecated:  Function the_block_template_skip_link is <strong>deprecated</strong> since version 6.4.0! Use wp_enqueue_block_template_skip_link() instead. in /Users/ofri.gross/Desktop/Missions/wordpress 5/wp-includes/functions.php on line 6121
[14-Aug-2025 11:05:19 UTC] PHP Deprecated:  Function the_block_template_skip_link is <strong>deprecated</strong> since version 6.4.0! Use wp_enqueue_block_template_skip_link() instead. in /Users/ofri.gross/Desktop/Missions/wordpress 5/wp-includes/functions.php on line 6121
[14-Aug-2025 11:05:19 UTC] PHP Deprecated:  Function the_block_template_skip_link is <strong>deprecated</strong> since version 6.4.0! Use wp_enqueue_block_template_skip_link() instead. in /Users/ofri.gross/Desktop/Missions/wordpress 5/wp-includes/functions.php on line 6121
[14-Aug-2025 11:05:20 UTC] PHP Deprecated:  Function the_block_template_skip_link is <strong>deprecated</strong> since version 6.4.0! Use wp_enqueue_block_template_skip_link() instead. in /Users/ofri.gross/Desktop/Missions/wordpress 5/wp-includes/functions.php on line 6121
[14-Aug-2025 11:05:20 UTC] PHP Deprecated:  Function the_block_template_skip_link is <strong>deprecated</strong> since version 6.4.0! Use wp_enqueue_block_template_skip_link() instead. in /Users/ofri.gross/Desktop/Missions/wordpress 5/wp-includes/functions.php on line 6121
[14-Aug-2025 11:05:43 UTC] PHP Deprecated:  Function the_block_template_skip_link is <strong>deprecated</strong> since version 6.4.0! Use wp_enqueue_block_template_skip_link() instead. in /Users/ofri.gross/Desktop/Missions/wordpress 5/wp-includes/functions.php on line 6121
[14-Aug-2025 11:05:43 UTC] PHP Deprecated:  Function the_block_template_skip_link is <strong>deprecated</strong> since version 6.4.0! Use wp_enqueue_block_template_skip_link() instead. in /Users/ofri.gross/Desktop/Missions/wordpress 5/wp-includes/functions.php on line 6121
[14-Aug-2025 11:06:12 UTC] PHP Deprecated:  Function the_block_template_skip_link is <strong>deprecated</strong> since version 6.4.0! Use wp_enqueue_block_template_skip_link() instead. in /Users/ofri.gross/Desktop/Missions/wordpress 5/wp-includes/functions.php on line 6121
[14-Aug-2025 11:06:16 UTC] PHP Deprecated:  Function the_block_template_skip_link is <strong>deprecated</strong> since version 6.4.0! Use wp_enqueue_block_template_skip_link() instead. in /Users/ofri.gross/Desktop/Missions/wordpress 5/wp-includes/functions.php on line 6121
[14-Aug-2025 11:06:17 UTC] PHP Deprecated:  Function the_block_template_skip_link is <strong>deprecated</strong> since version 6.4.0! Use wp_enqueue_block_template_skip_link() instead. in /Users/ofri.gross/Desktop/Missions/wordpress 5/wp-includes/functions.php on line 6121
[14-Aug-2025 11:08:18 UTC] PHP Deprecated:  Function the_block_template_skip_link is <strong>deprecated</strong> since version 6.4.0! Use wp_enqueue_block_template_skip_link() instead. in /Users/ofri.gross/Desktop/Missions/wordpress 5/wp-includes/functions.php on line 6121
[14-Aug-2025 11:08:18 UTC] PHP Deprecated:  Function the_block_template_skip_link is <strong>deprecated</strong> since version 6.4.0! Use wp_enqueue_block_template_skip_link() instead. in /Users/ofri.gross/Desktop/Missions/wordpress 5/wp-includes/functions.php on line 6121
[14-Aug-2025 11:08:36 UTC] PHP Deprecated:  Function the_block_template_skip_link is <strong>deprecated</strong> since version 6.4.0! Use wp_enqueue_block_template_skip_link() instead. in /Users/ofri.gross/Desktop/Missions/wordpress 5/wp-includes/functions.php on line 6121
[14-Aug-2025 11:08:37 UTC] PHP Deprecated:  Function the_block_template_skip_link is <strong>deprecated</strong> since version 6.4.0! Use wp_enqueue_block_template_skip_link() instead. in /Users/ofri.gross/Desktop/Missions/wordpress 5/wp-includes/functions.php on line 6121
[14-Aug-2025 11:08:37 UTC] PHP Deprecated:  Function the_block_template_skip_link is <strong>deprecated</strong> since version 6.4.0! Use wp_enqueue_block_template_skip_link() instead. in /Users/ofri.gross/Desktop/Missions/wordpress 5/wp-includes/functions.php on line 6121
[14-Aug-2025 11:08:37 UTC] PHP Deprecated:  Function the_block_template_skip_link is <strong>deprecated</strong> since version 6.4.0! Use wp_enqueue_block_template_skip_link() instead. in /Users/ofri.gross/Desktop/Missions/wordpress 5/wp-includes/functions.php on line 6121
[14-Aug-2025 13:23:43 UTC] PHP Warning:  Attempt to read property "title" on null in /Users/ofri.gross/Desktop/Missions/wordpress 5/wp-includes/class-wp-customize-widgets.php on line 926
[14-Aug-2025 13:23:57 UTC] PHP Warning:  Attempt to read property "title" on null in /Users/ofri.gross/Desktop/Missions/wordpress 5/wp-includes/class-wp-customize-widgets.php on line 926
